[huiting] [ INFO] - 2015-08-17 13:02:03 [localhost-startStop-1:   0] SystemCache Initialization begins ...
[huiting] [ INFO] - 2015-08-17 13:02:03 [localhost-startStop-1:   3] SystemCache初始化开始...
[huiting] [ INFO] - 2015-08-17 13:02:03 [localhost-startStop-1:  15] SystemCache初始化完成...
[huiting] [ INFO] - 2015-08-17 13:02:03 [localhost-startStop-1:  18] Initialization has finished ...
[ INFO] - 2015-08-17 13:02:11 [localhost-startStop-1:   0] SystemCache Initialization begins ...
[ INFO] - 2015-08-17 13:02:11 [localhost-startStop-1:   6] SystemCache初始化开始...
[ INFO] - 2015-08-17 13:02:11 [localhost-startStop-1:  14] SystemCache初始化完成...
[ INFO] - 2015-08-17 13:02:11 [localhost-startStop-1:  17] Initialization has finished ...
[huiting] [ INFO] - 2015-08-17 13:39:19 [localhost-startStop-1:   0] SystemCache Initialization begins ...
[huiting] [ INFO] - 2015-08-17 13:39:19 [localhost-startStop-1:   2] SystemCache初始化开始...
[huiting] [ INFO] - 2015-08-17 13:39:19 [localhost-startStop-1:   9] SystemCache初始化完成...
[huiting] [ INFO] - 2015-08-17 13:39:19 [localhost-startStop-1:  13] Initialization has finished ...
[ INFO] - 2015-08-17 13:39:24 [localhost-startStop-1:   0] SystemCache Initialization begins ...
[ INFO] - 2015-08-17 13:39:24 [localhost-startStop-1:   3] SystemCache初始化开始...
[ INFO] - 2015-08-17 13:39:24 [localhost-startStop-1:  12] SystemCache初始化完成...
[ INFO] - 2015-08-17 13:39:24 [localhost-startStop-1:  15] Initialization has finished ...
[huiting] [ INFO] - 2015-08-17 13:44:11 [ContainerBackgroundProcessor[StandardEngine[Catalina]]:   0] SystemCache Initialization begins ...
[huiting] [ INFO] - 2015-08-17 13:44:11 [ContainerBackgroundProcessor[StandardEngine[Catalina]]:   3] SystemCache初始化开始...
[huiting] [ INFO] - 2015-08-17 13:44:11 [ContainerBackgroundProcessor[StandardEngine[Catalina]]:  19] SystemCache初始化完成...
[huiting] [ INFO] - 2015-08-17 13:44:11 [ContainerBackgroundProcessor[StandardEngine[Catalina]]:  24] Initialization has finished ...
[huiting] [ INFO] - 2015-08-17 13:44:35 [localhost-startStop-1:   0] SystemCache Initialization begins ...
[huiting] [ INFO] - 2015-08-17 13:44:35 [localhost-startStop-1:   3] SystemCache初始化开始...
[huiting] [ INFO] - 2015-08-17 13:44:35 [localhost-startStop-1:  12] SystemCache初始化完成...
[huiting] [ INFO] - 2015-08-17 13:44:35 [localhost-startStop-1:  15] Initialization has finished ...
[ INFO] - 2015-08-17 13:44:40 [localhost-startStop-1:   0] SystemCache Initialization begins ...
[ INFO] - 2015-08-17 13:44:40 [localhost-startStop-1:   2] SystemCache初始化开始...
[ INFO] - 2015-08-17 13:44:40 [localhost-startStop-1:   9] SystemCache初始化完成...
[ INFO] - 2015-08-17 13:44:40 [localhost-startStop-1:  12] Initialization has finished ...
